<?xml version="1.0" encoding="UTF-8"?>
<!-- Generated by org.testng.reporters.JUnitReportReporter -->
<testsuite hostname="LAPTOP-S9DND4DE" failures="0" tests="6" name="api.test.DDTests" time="12.871" errors="0" timestamp="2024-03-19T23:36:15 IST" skipped="0">
  <testcase classname="api.test.DDTests" name="testPostUser" time="1.634"/>
  <testcase classname="api.test.DDTests" name="testPostUser" time="4.592"/>
  <testcase classname="api.test.DDTests" name="testPostUser" time="1.678"/>
  <testcase classname="api.test.DDTests" name="testDeleteUserByName" time="1.692"/>
  <testcase classname="api.test.DDTests" name="testDeleteUserByName" time="1.638"/>
  <testcase classname="api.test.DDTests" name="testDeleteUserByName" time="1.637"/>
</testsuite> <!-- api.test.DDTests -->
