<?xml version="1.0" encoding="UTF-8"?>
<!-- Generated by org.testng.reporters.JUnitReportReporter -->
<testsuite hostname="LAPTOP-S9DND4DE" failures="0" tests="4" name="api.test.UserTests" time="11.036" errors="0" timestamp="2024-03-20T15:47:05 IST" skipped="0">
  <testcase classname="api.test.UserTests" name="testPostUser" time="4.513"/>
  <testcase classname="api.test.UserTests" name="testGetUserByName" time="1.618"/>
  <testcase classname="api.test.UserTests" name="testUpdateUserByName" time="3.269"/>
  <testcase classname="api.test.UserTests" name="testDeleteUserByName" time="1.636"/>
</testsuite> <!-- api.test.UserTests -->
