<?xml version="1.0" encoding="UTF-8"?>
<!-- Generated by org.testng.reporters.JUnitReportReporter -->
<testsuite hostname="LAPTOP-S9DND4DE" failures="0" tests="4" name="api.test.UserTests" time="10.503" errors="0" timestamp="2024-03-20T16:00:45 IST" skipped="0">
  <testcase classname="api.test.UserTests" name="testPostUser" time="3.834"/>
  <testcase classname="api.test.UserTests" name="testGetUserByName" time="1.658"/>
  <testcase classname="api.test.UserTests" name="testUpdateUserByName" time="3.373"/>
  <testcase classname="api.test.UserTests" name="testDeleteUserByName" time="1.638"/>
</testsuite> <!-- api.test.UserTests -->
